# JRE version: OpenJDK Runtime Environment Microsoft-8035246 (17.0.8+7) (build 17.0.8+7-LTS)
# Java VM: OpenJDK 64-Bit Server VM Microsoft-8035246 (17.0.8+7-LTS, mixed mode, sharing, tiered, compressed oops, compressed class ptrs, g1 gc, windows-amd64)
GC Precious Log:
 CPUs: 4 total, 4 available
 Memory: 8083M
 Large Page Support: Disabled
 NUMA Support: Disabled
 Compressed Oops: Enabled (32-bit)
 Heap Region Size: 1M
 Heap Min Capacity: 8M
 Heap Initial Capacity: 128M
 Heap Max Capacity: 2G
 Pre-touch: Disabled
 Parallel Workers: 4
 Concurrent Workers: 1
 Concurrent Refinement Workers: 4
 Periodic GC: Disabled
Heap:
 garbage-first heap   total 292864K, used 183860K [0x0000000080000000, 0x0000000100000000)
  region size 1024K, 10 young (10240K), 9 survivors (9216K)
 Metaspace       used 105137K, committed 106240K, reserved 557056K
  class space    used 14539K, committed 15040K, reserved 425984K
GC Heap History (20 events):
Event: 69.512 GC heap before
{Heap before GC invocations=51 (full 0):
 garbage-first heap   total 184320K, used 155534K [0x0000000080000000, 0x0000000100000000)
  region size 1024K, 17 young (17408K), 3 survivors (3072K)
 Metaspace       used 96244K, committed 97216K, reserved 557056K
  class space    used 13398K, committed 13824K, reserved 425984K
}
Event: 69.526 GC heap after
{Heap after GC invocations=52 (full 0):
 garbage-first heap   total 243712K, used 143135K [0x0000000080000000, 0x0000000100000000)
  region size 1024K, 2 young (2048K), 2 survivors (2048K)
 Metaspace       used 96244K, committed 97216K, reserved 557056K
  class space    used 13398K, committed 13824K, reserved 425984K
}
Event: 71.930 GC heap before
{Heap before GC invocations=52 (full 0):
 garbage-first heap   total 243712K, used 191263K [0x0000000080000000, 0x0000000100000000)
  region size 1024K, 49 young (50176K), 2 survivors (2048K)
 Metaspace       used 100045K, committed 101120K, reserved 557056K
  class space    used 13965K, committed 14464K, reserved 425984K
}
Event: 71.962 GC heap after
{Heap after GC invocations=53 (full 0):
 garbage-first heap   total 243712K, used 145293K [0x0000000080000000, 0x0000000100000000)
  region size 1024K, 4 young (4096K), 4 survivors (4096K)
 Metaspace       used 100045K, committed 101120K, reserved 557056K
  class space    used 13965K, committed 14464K, reserved 425984K
}
Event: 73.665 GC heap before
{Heap before GC invocations=53 (full 0):
 garbage-first heap   total 243712K, used 194445K [0x0000000080000000, 0x0000000100000000)
  region size 1024K, 52 young (53248K), 4 survivors (4096K)
 Metaspace       used 102188K, committed 103296K, reserved 557056K
  class space    used 14240K, committed 14720K, reserved 425984K
}
Event: 73.694 GC heap after
{Heap after GC invocations=54 (full 0):
 garbage-first heap   total 243712K, used 150126K [0x0000000080000000, 0x0000000100000000)
  region size 1024K, 7 young (7168K), 7 survivors (7168K)
 Metaspace       used 102188K, committed 103296K, reserved 557056K
  class space    used 14240K, committed 14720K, reserved 425984K
}
Event: 75.386 GC heap before
{Heap before GC invocations=54 (full 0):
 garbage-first heap   total 243712K, used 198254K [0x0000000080000000, 0x0000000100000000)
  region size 1024K, 54 young (55296K), 7 survivors (7168K)
 Metaspace       used 103259K, committed 104320K, reserved 557056K
  class space    used 14353K, committed 14848K, reserved 425984K
}
Event: 75.433 GC heap after
{Heap after GC invocations=55 (full 0):
 garbage-first heap   total 243712K, used 156301K [0x0000000080000000, 0x0000000100000000)
  region size 1024K, 7 young (7168K), 7 survivors (7168K)
 Metaspace       used 103259K, committed 104320K, reserved 557056K
  class space    used 14353K, committed 14848K, reserved 425984K
}
Event: 77.158 GC heap before
{Heap before GC invocations=55 (full 0):
 garbage-first heap   total 243712K, used 200333K [0x0000000080000000, 0x0000000100000000)
  region size 1024K, 50 young (51200K), 7 survivors (7168K)
 Metaspace       used 103507K, committed 104576K, reserved 557056K
  class space    used 14360K, committed 14848K, reserved 425984K
}
Event: 77.191 GC heap after
{Heap after GC invocations=56 (full 0):
 garbage-first heap   total 243712K, used 160104K [0x0000000080000000, 0x0000000100000000)
  region size 1024K, 4 young (4096K), 4 survivors (4096K)
 Metaspace       used 103507K, committed 104576K, reserved 557056K
  class space    used 14360K, committed 14848K, reserved 425984K
}
Event: 78.812 GC heap before
{Heap before GC invocations=56 (full 0):
 garbage-first heap   total 243712K, used 202088K [0x0000000080000000, 0x0000000100000000)
  region size 1024K, 45 young (46080K), 4 survivors (4096K)
 Metaspace       used 104292K, committed 105344K, reserved 557056K
  class space    used 14474K, committed 14976K, reserved 425984K
}
Event: 78.841 GC heap after
{Heap after GC invocations=57 (full 0):
 garbage-first heap   total 243712K, used 165551K [0x0000000080000000, 0x0000000100000000)
  region size 1024K, 5 young (5120K), 5 survivors (5120K)
 Metaspace       used 104292K, committed 105344K, reserved 557056K
  class space    used 14474K, committed 14976K, reserved 425984K
}
Event: 80.178 GC heap before
{Heap before GC invocations=57 (full 0):
 garbage-first heap   total 243712K, used 203439K [0x0000000080000000, 0x0000000100000000)
  region size 1024K, 43 young (44032K), 5 survivors (5120K)
 Metaspace       used 104638K, committed 105792K, reserved 557056K
  class space    used 14486K, committed 14976K, reserved 425984K
}
Event: 80.196 GC heap after
{Heap after GC invocations=58 (full 0):
 garbage-first heap   total 243712K, used 169730K [0x0000000080000000, 0x0000000100000000)
  region size 1024K, 5 young (5120K), 5 survivors (5120K)
 Metaspace       used 104638K, committed 105792K, reserved 557056K
  class space    used 14486K, committed 14976K, reserved 425984K
}
Event: 80.738 GC heap before
{Heap before GC invocations=58 (full 0):
 garbage-first heap   total 243712K, used 205570K [0x0000000080000000, 0x0000000100000000)
  region size 1024K, 40 young (40960K), 5 survivors (5120K)
 Metaspace       used 104789K, committed 105920K, reserved 557056K
  class space    used 14486K, committed 14976K, reserved 425984K
}
Event: 80.753 GC heap after
{Heap after GC invocations=59 (full 0):
 garbage-first heap   total 243712K, used 171548K [0x0000000080000000, 0x0000000100000000)
  region size 1024K, 3 young (3072K), 3 survivors (3072K)
 Metaspace       used 104789K, committed 105920K, reserved 557056K
  class space    used 14486K, committed 14976K, reserved 425984K
}
Event: 81.664 GC heap before
{Heap before GC invocations=59 (full 0):
 garbage-first heap   total 243712K, used 206364K [0x0000000080000000, 0x0000000100000000)
  region size 1024K, 38 young (38912K), 3 survivors (3072K)
 Metaspace       used 105033K, committed 106112K, reserved 557056K
  class space    used 14538K, committed 15040K, reserved 425984K
}
Event: 81.680 GC heap after
{Heap after GC invocations=60 (full 0):
 garbage-first heap   total 292864K, used 176014K [0x0000000080000000, 0x0000000100000000)
  region size 1024K, 5 young (5120K), 5 survivors (5120K)
 Metaspace       used 105033K, committed 106112K, reserved 557056K
  class space    used 14538K, committed 15040K, reserved 425984K
}
Event: 83.202 GC heap before
{Heap before GC invocations=60 (full 0):
 garbage-first heap   total 292864K, used 241550K [0x0000000080000000, 0x0000000100000000)
  region size 1024K, 69 young (70656K), 5 survivors (5120K)
 Metaspace       used 105036K, committed 106112K, reserved 557056K
  class space    used 14539K, committed 15040K, reserved 425984K
}
Event: 83.215 GC heap after
{Heap after GC invocations=61 (full 0):
 garbage-first heap   total 292864K, used 179219K [0x0000000080000000, 0x0000000100000000)
  region size 1024K, 8 young (8192K), 8 survivors (8192K)
 Metaspace       used 105036K, committed 106112K, reserved 557056K
  class space    used 14539K, committed 15040K, reserved 425984K
}

